<?xml version="1.0" encoding="UTF-8"?>
<!-- Generated by org.testng.reporters.JUnitReportReporter -->
<testsuite hostname="IN-JT9T253" name="com.krn.Actitime.tasks.createCustomer" tests="1" failures="0" timestamp="16 Mar 2022 07:07:27 GMT" time="0.004" errors="0">
  <testcase name="testCreateCustomer" time="0.004" classname="com.krn.Actitime.tasks.createCustomer"/>
</testsuite> <!-- com.krn.Actitime.tasks.createCustomer -->
