<?xml version="1.0" encoding="UTF-8"?>
<!-- Generated by org.testng.reporters.JUnitReportReporter -->
<testsuite hostname="IN-JT9T253" name="com.krn.Actitime.Users.createUser" tests="1" failures="0" timestamp="16 Mar 2022 07:55:12 GMT" time="0.000" errors="0">
  <testcase name="testCreateUser" time="0.000" classname="com.krn.Actitime.Users.createUser"/>
</testsuite> <!-- com.krn.Actitime.Users.createUser -->
